[1543494656.606][INFO]: [1fa74e937df9d2f33146b20e295fb35a] COMMAND InitSession {
   "capabilities": {
      "desiredCapabilities": {
         "acceptInsecureCerts": true,
         "browserName": "chrome",
         "goog:chromeOptions": {
            "args": [ "window-size=1368x720", "--start-maximized", "--disable-notifications", "disable-geolocation", "ignore-certificate-errors" ],
            "binary": "/opt/google/chrome/google-chrome",
            "extensions": [  ]
         },
         "platform": "ANY",
         "version": ""
      },
      "firstMatch": [ {
         "acceptInsecureCerts": true,
         "browserName": "chrome",
         "goog:chromeOptions": {
            "args": [ "window-size=1368x720", "--start-maximized", "--disable-notifications", "disable-geolocation", "ignore-certificate-errors" ],
            "binary": "/opt/google/chrome/google-chrome",
            "extensions": [  ]
         }
      } ]
   },
   "desiredCapabilities": {
      "acceptInsecureCerts": true,
      "browserName": "chrome",
      "goog:chromeOptions": {
         "args": [ "window-size=1368x720", "--start-maximized", "--disable-notifications", "disable-geolocation", "ignore-certificate-errors" ],
         "binary": "/opt/google/chrome/google-chrome",
         "extensions": [  ]
      },
      "platform": "ANY",
      "version": ""
   }
}
[1543494656.607][INFO]: Populating Preferences file: {
   "alternate_error_pages": {
      "enabled": false
   },
   "autofill": {
      "enabled": false
   },
   "browser": {
      "check_default_browser": false
   },
   "distribution": {
      "import_bookmarks": false,
      "import_history": false,
      "import_search_engine": false,
      "make_chrome_default_for_user": false,
      "skip_first_run_ui": true
   },
   "dns_prefetching": {
      "enabled": false
   },
   "profile": {
      "content_settings": {
         "pattern_pairs": {
            "https://*,*": {
               "media-stream": {
                  "audio": "Default",
                  "video": "Default"
               }
            }
         }
      },
      "default_content_setting_values": {
         "geolocation": 1
      },
      "default_content_settings": {
         "geolocation": 1,
         "mouselock": 1,
         "notifications": 1,
         "popups": 1,
         "ppapi-broker": 1
      },
      "password_manager_enabled": false
   },
   "safebrowsing": {
      "enabled": false
   },
   "search": {
      "suggest_enabled": false
   },
   "translate": {
      "enabled": false
   }
}
[1543494656.608][INFO]: Populating Local State file: {
   "background_mode": {
      "enabled": false
   },
   "ssl": {
      "rev_checking": {
         "enabled": false
      }
   }
}
[1543494656.609][INFO]: Launching chrome: /opt/google/chrome/google-chrome --disable-background-networking --disable-client-side-phishing-detection --disable-default-apps --disable-geolocation --disable-hang-monitor --disable-notifications --disable-popup-blocking --disable-prompt-on-repost --disable-sync --disable-web-resources --enable-automation --enable-logging --force-fieldtrials=SiteIsolationExtensions/Control --ignore-certificate-errors --load-extension=/tmp/.org.chromium.Chromium.pKYTyV/internal --log-level=0 --metrics-recording-only --no-first-run --password-store=basic --remote-debugging-port=0 --start-maximized --test-type=webdriver --use-mock-keychain --user-data-dir=/tmp/.org.chromium.Chromium.Ctq3cT --window-size=1368x720 data:,
[1543494657.165][INFO]: resolved localhost to ["127.0.0.1"]
[1543494657.174][INFO]: resolved localhost to ["127.0.0.1"]
[1543494657.282][INFO]: [1fa74e937df9d2f33146b20e295fb35a] RESPONSE InitSession {
   "acceptInsecureCerts": true,
   "acceptSslCerts": true,
   "applicationCacheEnabled": false,
   "browserConnectionEnabled": false,
   "browserName": "chrome",
   "chrome": {
      "chromedriverVersion": "2.43.600233 (523efee95e3d68b8719b3a1c83051aa63aa6b10d)",
      "userDataDir": "/tmp/.org.chromium.Chromium.Ctq3cT"
   },
   "cssSelectorsEnabled": true,
   "databaseEnabled": false,
   "goog:chromeOptions": {
      "debuggerAddress": "localhost:28916"
   },
   "handlesAlerts": true,
   "hasTouchScreen": false,
   "javascriptEnabled": true,
   "locationContextEnabled": true,
   "mobileEmulationEnabled": false,
   "nativeEvents": true,
   "networkConnectionEnabled": false,
   "pageLoadStrategy": "normal",
   "platform": "Linux",
   "rotatable": false,
   "~~~": "..."
}
[1543494657.291][INFO]: [1fa74e937df9d2f33146b20e295fb35a] COMMAND ExecuteScript {
   "args": [  ],
   "script": "return document.readyState"
}
[1543494657.291][INFO]: Waiting for pending navigations...
[1543494657.292][INFO]: Done waiting for pending navigations. Status: ok
[1543494657.294][INFO]: Waiting for pending navigations...
[1543494657.295][INFO]: Done waiting for pending navigations. Status: ok
[1543494657.295][INFO]: [1fa74e937df9d2f33146b20e295fb35a] RESPONSE ExecuteScript "complete"
[1543494657.297][INFO]: [1fa74e937df9d2f33146b20e295fb35a] COMMAND Navigate {
   "url": "http://10.10.30.106"
}
[1543494657.298][INFO]: Waiting for pending navigations...
[1543494657.298][INFO]: Done waiting for pending navigations. Status: ok
[1543494658.668][INFO]: Waiting for pending navigations...
[1543494660.981][INFO]: Done waiting for pending navigations. Status: ok
[1543494660.981][INFO]: [1fa74e937df9d2f33146b20e295fb35a] RESPONSE Navigate
[1543494660.984][INFO]: [1fa74e937df9d2f33146b20e295fb35a] COMMAND ExecuteScript {
   "args": [  ],
   "script": "return document.readyState"
}
[1543494660.984][INFO]: Waiting for pending navigations...
[1543494660.987][INFO]: Done waiting for pending navigations. Status: ok
[1543494660.994][INFO]: Waiting for pending navigations...
[1543494660.995][INFO]: Done waiting for pending navigations. Status: ok
[1543494660.995][INFO]: [1fa74e937df9d2f33146b20e295fb35a] RESPONSE ExecuteScript "complete"
[1543494660.997][INFO]: [1fa74e937df9d2f33146b20e295fb35a] COMMAND GetWindow {

}
[1543494660.997][INFO]: Waiting for pending navigations...
[1543494660.999][INFO]: Done waiting for pending navigations. Status: ok
[1543494660.999][INFO]: Waiting for pending navigations...
[1543494661.001][INFO]: Done waiting for pending navigations. Status: ok
[1543494661.001][INFO]: [1fa74e937df9d2f33146b20e295fb35a] RESPONSE GetWindow "CDwindow-B4F1CB1783B330019518BEAC44E6ADAA"
[1543494661.005][INFO]: [1fa74e937df9d2f33146b20e295fb35a] COMMAND GetWindows {

}
[1543494661.005][INFO]: [1fa74e937df9d2f33146b20e295fb35a] RESPONSE GetWindows [ "CDwindow-B4F1CB1783B330019518BEAC44E6ADAA" ]
[1543494661.508][INFO]: [1fa74e937df9d2f33146b20e295fb35a] COMMAND GetWindows {

}
[1543494661.509][INFO]: [1fa74e937df9d2f33146b20e295fb35a] RESPONSE GetWindows [ "CDwindow-B4F1CB1783B330019518BEAC44E6ADAA" ]
[1543494662.011][INFO]: [1fa74e937df9d2f33146b20e295fb35a] COMMAND GetWindows {

}
[1543494662.012][INFO]: [1fa74e937df9d2f33146b20e295fb35a] RESPONSE GetWindows [ "CDwindow-B4F1CB1783B330019518BEAC44E6ADAA" ]
[1543494662.014][INFO]: [1fa74e937df9d2f33146b20e295fb35a] COMMAND Screenshot {

}
[1543494662.014][INFO]: Waiting for pending navigations...
[1543494662.016][INFO]: Done waiting for pending navigations. Status: ok
[1543494662.466][INFO]: Waiting for pending navigations...
[1543494662.467][INFO]: Done waiting for pending navigations. Status: ok
[1543494662.467][INFO]: [1fa74e937df9d2f33146b20e295fb35a] RESPONSE Screenshot "iVBORw0KGgoAAAANSUhEUgAABRUAAAJyCAYAAABaLicfAAAgAElEQVR4nOy965Ljuq4m+AFy1tpnn46J6deYl5nHmsftmOhz2VVpAv0DAAlSlCzZzkxnrUJFlm2J4hV3QgT9P//v/6f/+u//BCugEBAUYECxBtXZ1QZE1L6DEcWJCUQEpguIGfr2Awv9A8QXgBYwF..."
[1543494662.505][INFO]: [1fa74e937df9d2f33146b20e295fb35a] COMMAND ExecuteScript {
   "args": [  ],
   "script": "return document.readyState"
}
[1543494662.505][INFO]: Waiting for pending navigations...
[1543494662.506][INFO]: Done waiting for pending navigations. Status: ok
[1543494662.508][INFO]: Waiting for pending navigations...
[1543494662.508][INFO]: Done waiting for pending navigations. Status: ok
[1543494662.508][INFO]: [1fa74e937df9d2f33146b20e295fb35a] RESPONSE ExecuteScript "complete"
[1543494662.510][INFO]: [1fa74e937df9d2f33146b20e295fb35a] COMMAND FindElement {
   "using": "name",
   "value": "name"
}
[1543494662.510][INFO]: Waiting for pending navigations...
[1543494662.511][INFO]: Done waiting for pending navigations. Status: ok
[1543494662.526][INFO]: Waiting for pending navigations...
[1543494662.526][INFO]: Done waiting for pending navigations. Status: ok
[1543494662.526][INFO]: [1fa74e937df9d2f33146b20e295fb35a] RESPONSE FindElement {
   "ELEMENT": "0.2099000496661454-1"
}
[1543494662.531][INFO]: [1fa74e937df9d2f33146b20e295fb35a] COMMAND ClearElement {
   "id": "0.2099000496661454-1"
}
[1543494662.531][INFO]: Waiting for pending navigations...
[1543494662.531][INFO]: Done waiting for pending navigations. Status: ok
[1543494662.576][INFO]: Waiting for pending navigations...
[1543494662.577][INFO]: Done waiting for pending navigations. Status: ok
[1543494662.577][INFO]: [1fa74e937df9d2f33146b20e295fb35a] RESPONSE ClearElement
[1543494662.579][INFO]: [1fa74e937df9d2f33146b20e295fb35a] COMMAND FindElement {
   "using": "name",
   "value": "name"
}
[1543494662.579][INFO]: Waiting for pending navigations...
[1543494662.580][INFO]: Done waiting for pending navigations. Status: ok
[1543494662.586][INFO]: Waiting for pending navigations...
[1543494662.587][INFO]: Done waiting for pending navigations. Status: ok
[1543494662.587][INFO]: [1fa74e937df9d2f33146b20e295fb35a] RESPONSE FindElement {
   "ELEMENT": "0.2099000496661454-1"
}
[1543494662.590][INFO]: [1fa74e937df9d2f33146b20e295fb35a] COMMAND TypeElement {
   "id": "0.2099000496661454-1",
   "value": [ "aditya" ]
}
[1543494662.590][INFO]: Waiting for pending navigations...
[1543494662.590][INFO]: Done waiting for pending navigations. Status: ok
[1543494662.656][INFO]: Waiting for pending navigations...
[1543494662.658][INFO]: Done waiting for pending navigations. Status: ok
[1543494662.658][INFO]: [1fa74e937df9d2f33146b20e295fb35a] RESPONSE TypeElement
[1543494662.660][INFO]: [1fa74e937df9d2f33146b20e295fb35a] COMMAND ExecuteScript {
   "args": [  ],
   "script": "return document.readyState"
}
[1543494662.660][INFO]: Waiting for pending navigations...
[1543494662.661][INFO]: Done waiting for pending navigations. Status: ok
[1543494662.662][INFO]: Waiting for pending navigations...
[1543494662.662][INFO]: Done waiting for pending navigations. Status: ok
[1543494662.662][INFO]: [1fa74e937df9d2f33146b20e295fb35a] RESPONSE ExecuteScript "complete"
[1543494662.665][INFO]: [1fa74e937df9d2f33146b20e295fb35a] COMMAND GetWindow {

}
[1543494662.665][INFO]: Waiting for pending navigations...
[1543494662.665][INFO]: Done waiting for pending navigations. Status: ok
[1543494662.665][INFO]: Waiting for pending navigations...
[1543494662.666][INFO]: Done waiting for pending navigations. Status: ok
[1543494662.666][INFO]: [1fa74e937df9d2f33146b20e295fb35a] RESPONSE GetWindow "CDwindow-B4F1CB1783B330019518BEAC44E6ADAA"
[1543494662.670][INFO]: [1fa74e937df9d2f33146b20e295fb35a] COMMAND GetWindows {

}
[1543494662.671][INFO]: [1fa74e937df9d2f33146b20e295fb35a] RESPONSE GetWindows [ "CDwindow-B4F1CB1783B330019518BEAC44E6ADAA" ]
[1543494663.175][INFO]: [1fa74e937df9d2f33146b20e295fb35a] COMMAND GetWindows {

}
[1543494663.176][INFO]: [1fa74e937df9d2f33146b20e295fb35a] RESPONSE GetWindows [ "CDwindow-B4F1CB1783B330019518BEAC44E6ADAA" ]
[1543494663.679][INFO]: [1fa74e937df9d2f33146b20e295fb35a] COMMAND GetWindows {

}
[1543494663.679][INFO]: [1fa74e937df9d2f33146b20e295fb35a] RESPONSE GetWindows [ "CDwindow-B4F1CB1783B330019518BEAC44E6ADAA" ]
[1543494663.682][INFO]: [1fa74e937df9d2f33146b20e295fb35a] COMMAND Screenshot {

}
[1543494663.682][INFO]: Waiting for pending navigations...
[1543494663.683][INFO]: Done waiting for pending navigations. Status: ok
[1543494664.140][INFO]: Waiting for pending navigations...
[1543494664.141][INFO]: Done waiting for pending navigations. Status: ok
[1543494664.141][INFO]: [1fa74e937df9d2f33146b20e295fb35a] RESPONSE Screenshot "iVBORw0KGgoAAAANSUhEUgAABRUAAAJyCAYAAABaLicfAAAgAElEQVR4nOy965Ljuq4m+AFy1tpnn46J6deYl5nHmsftmOhz2VVpAv0DAAlSlCzZzkxnrUJFlm2J4hV3QgT9P//v/6f/+u//BCugEBAUYECxBtXZ1QZE1L6DEcWJCUQEpguIGfr2Awv9A8QXgBYwF..."
[1543494664.179][INFO]: [1fa74e937df9d2f33146b20e295fb35a] COMMAND ExecuteScript {
   "args": [  ],
   "script": "return document.readyState"
}
[1543494664.180][INFO]: Waiting for pending navigations...
[1543494664.180][INFO]: Done waiting for pending navigations. Status: ok
[1543494664.181][INFO]: Waiting for pending navigations...
[1543494664.182][INFO]: Done waiting for pending navigations. Status: ok
[1543494664.182][INFO]: [1fa74e937df9d2f33146b20e295fb35a] RESPONSE ExecuteScript "complete"
[1543494664.184][INFO]: [1fa74e937df9d2f33146b20e295fb35a] COMMAND FindElement {
   "using": "name",
   "value": "password"
}
[1543494664.184][INFO]: Waiting for pending navigations...
[1543494664.185][INFO]: Done waiting for pending navigations. Status: ok
[1543494664.199][INFO]: Waiting for pending navigations...
[1543494664.200][INFO]: Done waiting for pending navigations. Status: ok
[1543494664.200][INFO]: [1fa74e937df9d2f33146b20e295fb35a] RESPONSE FindElement {
   "ELEMENT": "0.2099000496661454-2"
}
[1543494664.202][INFO]: [1fa74e937df9d2f33146b20e295fb35a] COMMAND ClearElement {
   "id": "0.2099000496661454-2"
}
[1543494664.202][INFO]: Waiting for pending navigations...
[1543494664.203][INFO]: Done waiting for pending navigations. Status: ok
[1543494664.235][INFO]: Waiting for pending navigations...
[1543494664.236][INFO]: Done waiting for pending navigations. Status: ok
[1543494664.236][INFO]: [1fa74e937df9d2f33146b20e295fb35a] RESPONSE ClearElement
[1543494664.238][INFO]: [1fa74e937df9d2f33146b20e295fb35a] COMMAND FindElement {
   "using": "name",
   "value": "password"
}
[1543494664.238][INFO]: Waiting for pending navigations...
[1543494664.239][INFO]: Done waiting for pending navigations. Status: ok
[1543494664.247][INFO]: Waiting for pending navigations...
[1543494664.247][INFO]: Done waiting for pending navigations. Status: ok
[1543494664.247][INFO]: [1fa74e937df9d2f33146b20e295fb35a] RESPONSE FindElement {
   "ELEMENT": "0.2099000496661454-2"
}
[1543494664.250][INFO]: [1fa74e937df9d2f33146b20e295fb35a] COMMAND TypeElement {
   "id": "0.2099000496661454-2",
   "value": [ "cavisson" ]
}
[1543494664.250][INFO]: Waiting for pending navigations...
[1543494664.250][INFO]: Done waiting for pending navigations. Status: ok
[1543494664.321][INFO]: Waiting for pending navigations...
[1543494664.321][INFO]: Done waiting for pending navigations. Status: ok
[1543494664.321][INFO]: [1fa74e937df9d2f33146b20e295fb35a] RESPONSE TypeElement
[1543494664.324][INFO]: [1fa74e937df9d2f33146b20e295fb35a] COMMAND ExecuteScript {
   "args": [  ],
   "script": "return document.readyState"
}
[1543494664.324][INFO]: Waiting for pending navigations...
[1543494664.327][INFO]: Done waiting for pending navigations. Status: ok
[1543494664.330][INFO]: Waiting for pending navigations...
[1543494664.332][INFO]: Done waiting for pending navigations. Status: ok
[1543494664.332][INFO]: [1fa74e937df9d2f33146b20e295fb35a] RESPONSE ExecuteScript "complete"
[1543494664.337][INFO]: [1fa74e937df9d2f33146b20e295fb35a] COMMAND GetWindow {

}
[1543494664.337][INFO]: Waiting for pending navigations...
[1543494664.338][INFO]: Done waiting for pending navigations. Status: ok
[1543494664.338][INFO]: Waiting for pending navigations...
[1543494664.338][INFO]: Done waiting for pending navigations. Status: ok
[1543494664.338][INFO]: [1fa74e937df9d2f33146b20e295fb35a] RESPONSE GetWindow "CDwindow-B4F1CB1783B330019518BEAC44E6ADAA"
[1543494664.341][INFO]: [1fa74e937df9d2f33146b20e295fb35a] COMMAND GetWindows {

}
[1543494664.343][INFO]: [1fa74e937df9d2f33146b20e295fb35a] RESPONSE GetWindows [ "CDwindow-B4F1CB1783B330019518BEAC44E6ADAA" ]
[1543494664.846][INFO]: [1fa74e937df9d2f33146b20e295fb35a] COMMAND GetWindows {

}
[1543494664.847][INFO]: [1fa74e937df9d2f33146b20e295fb35a] RESPONSE GetWindows [ "CDwindow-B4F1CB1783B330019518BEAC44E6ADAA" ]
[1543494665.350][INFO]: [1fa74e937df9d2f33146b20e295fb35a] COMMAND GetWindows {

}
[1543494665.350][INFO]: [1fa74e937df9d2f33146b20e295fb35a] RESPONSE GetWindows [ "CDwindow-B4F1CB1783B330019518BEAC44E6ADAA" ]
[1543494665.353][INFO]: [1fa74e937df9d2f33146b20e295fb35a] COMMAND Screenshot {

}
[1543494665.353][INFO]: Waiting for pending navigations...
[1543494665.353][INFO]: Done waiting for pending navigations. Status: ok
[1543494665.785][INFO]: Waiting for pending navigations...
[1543494665.786][INFO]: Done waiting for pending navigations. Status: ok
[1543494665.786][INFO]: [1fa74e937df9d2f33146b20e295fb35a] RESPONSE Screenshot "iVBORw0KGgoAAAANSUhEUgAABRUAAAJyCAYAAABaLicfAAAgAElEQVR4nOy965Ljuq4m+AFy1tpnn46J6deYl5nHmsftmOhz2VVpAv0DAAlSlCzZzkxnrUJFlm2J4hV3QgT9P//v/6f/+u//BCugEBAUYECxBtXZ1QZE1L6DEcWJCUQEpguIGfr2Awv9A8QXgBYwF..."
[1543494665.822][INFO]: [1fa74e937df9d2f33146b20e295fb35a] COMMAND GetUrl {

}
[1543494665.822][INFO]: Waiting for pending navigations...
[1543494665.822][INFO]: Done waiting for pending navigations. Status: ok
[1543494665.825][INFO]: Waiting for pending navigations...
[1543494665.826][INFO]: Done waiting for pending navigations. Status: ok
[1543494665.826][INFO]: [1fa74e937df9d2f33146b20e295fb35a] RESPONSE GetUrl "http://10.10.30.106/ProductUI/#/login"
[1543494665.828][INFO]: [1fa74e937df9d2f33146b20e295fb35a] COMMAND ExecuteScript {
   "args": [  ],
   "script": "return document.readyState"
}
[1543494665.828][INFO]: Waiting for pending navigations...
[1543494665.829][INFO]: Done waiting for pending navigations. Status: ok
[1543494665.830][INFO]: Waiting for pending navigations...
[1543494665.830][INFO]: Done waiting for pending navigations. Status: ok
[1543494665.830][INFO]: [1fa74e937df9d2f33146b20e295fb35a] RESPONSE ExecuteScript "complete"
[1543494665.833][INFO]: [1fa74e937df9d2f33146b20e295fb35a] COMMAND FindElement {
   "using": "id",
   "value": "login-button"
}
[1543494665.833][INFO]: Waiting for pending navigations...
[1543494665.836][INFO]: Done waiting for pending navigations. Status: ok
[1543494665.849][INFO]: Waiting for pending navigations...
[1543494665.850][INFO]: Done waiting for pending navigations. Status: ok
[1543494665.850][INFO]: [1fa74e937df9d2f33146b20e295fb35a] RESPONSE FindElement {
   "ELEMENT": "0.2099000496661454-3"
}
[1543494665.852][INFO]: [1fa74e937df9d2f33146b20e295fb35a] COMMAND ClickElement {
   "id": "0.2099000496661454-3"
}
[1543494665.852][INFO]: Waiting for pending navigations...
[1543494665.854][INFO]: Done waiting for pending navigations. Status: ok
[1543494665.934][INFO]: Waiting for pending navigations...
[1543494665.942][INFO]: Done waiting for pending navigations. Status: ok
[1543494665.942][INFO]: [1fa74e937df9d2f33146b20e295fb35a] RESPONSE ClickElement
[1543494665.946][INFO]: [1fa74e937df9d2f33146b20e295fb35a] COMMAND GetWindow {

}
[1543494665.946][INFO]: Waiting for pending navigations...
[1543494665.947][INFO]: Done waiting for pending navigations. Status: ok
[1543494665.947][INFO]: Waiting for pending navigations...
[1543494665.948][INFO]: Done waiting for pending navigations. Status: ok
[1543494665.948][INFO]: [1fa74e937df9d2f33146b20e295fb35a] RESPONSE GetWindow "CDwindow-B4F1CB1783B330019518BEAC44E6ADAA"
[1543494665.951][INFO]: [1fa74e937df9d2f33146b20e295fb35a] COMMAND GetWindows {

}
[1543494665.952][INFO]: [1fa74e937df9d2f33146b20e295fb35a] RESPONSE GetWindows [ "CDwindow-B4F1CB1783B330019518BEAC44E6ADAA" ]
[1543494666.455][INFO]: [1fa74e937df9d2f33146b20e295fb35a] COMMAND GetWindows {

}
[1543494666.455][INFO]: [1fa74e937df9d2f33146b20e295fb35a] RESPONSE GetWindows [ "CDwindow-B4F1CB1783B330019518BEAC44E6ADAA" ]
[1543494666.958][INFO]: [1fa74e937df9d2f33146b20e295fb35a] COMMAND GetWindows {

}
[1543494666.959][INFO]: [1fa74e937df9d2f33146b20e295fb35a] RESPONSE GetWindows [ "CDwindow-B4F1CB1783B330019518BEAC44E6ADAA" ]
[1543494666.962][INFO]: [1fa74e937df9d2f33146b20e295fb35a] COMMAND Screenshot {

}
[1543494666.963][INFO]: [1fa74e937df9d2f33146b20e295fb35a] RESPONSE Screenshot ERROR unexpected alert open: {Alert text : There is already one session running with the same user. Click Ok to forcefully logout other session and login}
  (Session info: chrome=70.0.3538.110)
[1543494666.966][INFO]: [1fa74e937df9d2f33146b20e295fb35a] COMMAND GetAlertMessage {

}
[1543494666.966][INFO]: Waiting for pending navigations...
[1543494666.967][INFO]: Done waiting for pending navigations. Status: unexpected alert open
[1543494666.967][INFO]: [1fa74e937df9d2f33146b20e295fb35a] RESPONSE GetAlertMessage "There is already one session running with the same user. Click Ok to forcefully logout other session and login"
[1543494666.970][INFO]: [1fa74e937df9d2f33146b20e295fb35a] COMMAND AcceptAlert {

}
[1543494666.970][INFO]: Waiting for pending navigations...
[1543494666.971][INFO]: Done waiting for pending navigations. Status: unexpected alert open
[1543494666.977][INFO]: [1fa74e937df9d2f33146b20e295fb35a] RESPONSE AcceptAlert
[1543494666.984][INFO]: [1fa74e937df9d2f33146b20e295fb35a] COMMAND FindElement {
   "using": "id",
   "value": "login-button"
}
[1543494666.984][INFO]: Waiting for pending navigations...
[1543494666.993][INFO]: Done waiting for pending navigations. Status: ok
[1543494667.005][INFO]: Waiting for pending navigations...
[1543494667.006][INFO]: Done waiting for pending navigations. Status: ok
[1543494667.006][INFO]: [1fa74e937df9d2f33146b20e295fb35a] RESPONSE FindElement {
   "ELEMENT": "0.2099000496661454-3"
}
[1543494667.008][INFO]: [1fa74e937df9d2f33146b20e295fb35a] COMMAND IsElementEnabled {
   "id": "0.2099000496661454-3"
}
[1543494667.008][INFO]: Waiting for pending navigations...
[1543494667.009][INFO]: Done waiting for pending navigations. Status: ok
[1543494667.021][INFO]: Waiting for pending navigations...
[1543494667.021][INFO]: Done waiting for pending navigations. Status: ok
[1543494667.021][INFO]: [1fa74e937df9d2f33146b20e295fb35a] RESPONSE IsElementEnabled false
[1543494667.024][INFO]: [1fa74e937df9d2f33146b20e295fb35a] COMMAND GetWindow {

}
[1543494667.024][INFO]: Waiting for pending navigations...
[1543494667.024][INFO]: Done waiting for pending navigations. Status: ok
[1543494667.024][INFO]: Waiting for pending navigations...
[1543494667.024][INFO]: Done waiting for pending navigations. Status: ok
[1543494667.025][INFO]: [1fa74e937df9d2f33146b20e295fb35a] RESPONSE GetWindow "CDwindow-B4F1CB1783B330019518BEAC44E6ADAA"
[1543494667.027][INFO]: [1fa74e937df9d2f33146b20e295fb35a] COMMAND GetWindows {

}
[1543494667.028][INFO]: [1fa74e937df9d2f33146b20e295fb35a] RESPONSE GetWindows [ "CDwindow-B4F1CB1783B330019518BEAC44E6ADAA" ]
[1543494667.530][INFO]: [1fa74e937df9d2f33146b20e295fb35a] COMMAND GetWindows {

}
[1543494667.531][INFO]: [1fa74e937df9d2f33146b20e295fb35a] RESPONSE GetWindows [ "CDwindow-B4F1CB1783B330019518BEAC44E6ADAA" ]
[1543494668.037][INFO]: [1fa74e937df9d2f33146b20e295fb35a] COMMAND GetWindows {

}
[1543494668.038][INFO]: [1fa74e937df9d2f33146b20e295fb35a] RESPONSE GetWindows [ "CDwindow-B4F1CB1783B330019518BEAC44E6ADAA" ]
[1543494668.043][INFO]: [1fa74e937df9d2f33146b20e295fb35a] COMMAND Screenshot {

}
[1543494668.061][INFO]: Waiting for pending navigations...
[1543494668.278][INFO]: Done waiting for pending navigations. Status: ok
[1543494668.475][INFO]: Waiting for pending navigations...
[1543494668.477][INFO]: Done waiting for pending navigations. Status: ok
[1543494668.478][INFO]: [1fa74e937df9d2f33146b20e295fb35a] RESPONSE Screenshot "iVBORw0KGgoAAAANSUhEUgAABRUAAAJyCAYAAABaLicfAAAgAElEQVR4nOydd5wU9f3/nzOz9Rp3cAfS4QApSlOUEgUbNlATsaImoFEwFoqxJAGTCBrFWIhYUBG/okRF/EXEBiKBqICCND1BehE8jnJwbdvM/P6Y7be7s3u7e7d3zBPucbc78ynzmc98ymven/dHm..."
[1543494668.524][INFO]: [1fa74e937df9d2f33146b20e295fb35a] COMMAND ExecuteScript {
   "args": [  ],
   "script": "return document.readyState"
}
[1543494668.524][INFO]: Waiting for pending navigations...
[1543494668.531][INFO]: Done waiting for pending navigations. Status: ok
[1543494668.539][INFO]: Waiting for pending navigations...
[1543494668.543][INFO]: Done waiting for pending navigations. Status: ok
[1543494668.543][INFO]: [1fa74e937df9d2f33146b20e295fb35a] RESPONSE ExecuteScript "complete"
[1543494668.548][INFO]: [1fa74e937df9d2f33146b20e295fb35a] COMMAND FindElement {
   "using": "xpath",
   "value": "//div[contains(@class,'ui-splitbutton')]/button[contains(@class,'ui-button-text-icon-left')]/span[contains(@class,'ui-button-text')]"
}
[1543494668.548][INFO]: Waiting for pending navigations...
[1543494668.550][INFO]: Done waiting for pending navigations. Status: ok
[1543494668.577][INFO]: Waiting for pending navigations...
[1543494668.585][INFO]: Done waiting for pending navigations. Status: ok
[1543494668.586][INFO]: [1fa74e937df9d2f33146b20e295fb35a] RESPONSE FindElement {
   "ELEMENT": "0.2099000496661454-4"
}
[1543494668.588][INFO]: [1fa74e937df9d2f33146b20e295fb35a] COMMAND GetElementText {
   "id": "0.2099000496661454-4"
}
[1543494668.588][INFO]: Waiting for pending navigations...
[1543494668.597][INFO]: Done waiting for pending navigations. Status: ok
[1543494668.637][INFO]: Waiting for pending navigations...
[1543494668.645][INFO]: Done waiting for pending navigations. Status: ok
[1543494668.645][INFO]: [1fa74e937df9d2f33146b20e295fb35a] RESPONSE GetElementText "aditya"
[1543494668.650][INFO]: [1fa74e937df9d2f33146b20e295fb35a] COMMAND FindElement {
   "using": "xpath",
   "value": "//div[contains(@class,'ui-splitbutton')]/button[contains(@class,'ui-button-text-icon-left')]/span[contains(@class,'ui-button-text')]"
}
[1543494668.651][INFO]: Waiting for pending navigations...
[1543494668.661][INFO]: Done waiting for pending navigations. Status: ok
[1543494668.679][INFO]: Waiting for pending navigations...
[1543494668.682][INFO]: Done waiting for pending navigations. Status: ok
[1543494668.683][INFO]: [1fa74e937df9d2f33146b20e295fb35a] RESPONSE FindElement {
   "ELEMENT": "0.2099000496661454-4"
}
[1543494668.687][INFO]: [1fa74e937df9d2f33146b20e295fb35a] COMMAND GetElementText {
   "id": "0.2099000496661454-4"
}
[1543494668.687][INFO]: Waiting for pending navigations...
[1543494668.689][INFO]: Done waiting for pending navigations. Status: ok
[1543494668.702][INFO]: Waiting for pending navigations...
[1543494668.707][INFO]: Done waiting for pending navigations. Status: ok
[1543494668.707][INFO]: [1fa74e937df9d2f33146b20e295fb35a] RESPONSE GetElementText "aditya"
[1543494668.711][INFO]: [1fa74e937df9d2f33146b20e295fb35a] COMMAND ExecuteScript {
   "args": [  ],
   "script": "return document.readyState"
}
[1543494668.711][INFO]: Waiting for pending navigations...
[1543494668.717][INFO]: Done waiting for pending navigations. Status: ok
[1543494668.722][INFO]: Waiting for pending navigations...
[1543494668.723][INFO]: Done waiting for pending navigations. Status: ok
[1543494668.724][INFO]: [1fa74e937df9d2f33146b20e295fb35a] RESPONSE ExecuteScript "complete"
[1543494668.728][INFO]: [1fa74e937df9d2f33146b20e295fb35a] COMMAND GetWindow {

}
[1543494668.728][INFO]: Waiting for pending navigations...
[1543494668.729][INFO]: Done waiting for pending navigations. Status: ok
[1543494668.729][INFO]: Waiting for pending navigations...
[1543494668.733][INFO]: Done waiting for pending navigations. Status: ok
[1543494668.733][INFO]: [1fa74e937df9d2f33146b20e295fb35a] RESPONSE GetWindow "CDwindow-B4F1CB1783B330019518BEAC44E6ADAA"
[1543494668.735][INFO]: [1fa74e937df9d2f33146b20e295fb35a] COMMAND GetWindows {

}
[1543494668.739][INFO]: [1fa74e937df9d2f33146b20e295fb35a] RESPONSE GetWindows [ "CDwindow-B4F1CB1783B330019518BEAC44E6ADAA" ]
[1543494669.242][INFO]: [1fa74e937df9d2f33146b20e295fb35a] COMMAND GetWindows {

}
[1543494669.242][INFO]: [1fa74e937df9d2f33146b20e295fb35a] RESPONSE GetWindows [ "CDwindow-B4F1CB1783B330019518BEAC44E6ADAA" ]
[1543494669.746][INFO]: [1fa74e937df9d2f33146b20e295fb35a] COMMAND GetWindows {

}
[1543494669.747][INFO]: [1fa74e937df9d2f33146b20e295fb35a] RESPONSE GetWindows [ "CDwindow-B4F1CB1783B330019518BEAC44E6ADAA" ]
[1543494669.750][INFO]: [1fa74e937df9d2f33146b20e295fb35a] COMMAND Screenshot {

}
[1543494669.750][INFO]: Waiting for pending navigations...
[1543494669.750][INFO]: Done waiting for pending navigations. Status: ok
[1543494669.886][INFO]: Waiting for pending navigations...
[1543494669.888][INFO]: Done waiting for pending navigations. Status: ok
[1543494669.888][INFO]: [1fa74e937df9d2f33146b20e295fb35a] RESPONSE Screenshot "iVBORw0KGgoAAAANSUhEUgAABRUAAAJyCAYAAABaLicfAAAgAElEQVR4nOydd3wUdf7/nzOzNT1AQEIvSlGKilJOwYYNlPuKFfUObGCleJa7A+9O0FM8C3ZUxJ8oiujdidhA5OBU4ARpGkF6EYUESEjbNjO/P2Z7dnd2s7vJJswT8kh2Zz5lPvOZT3nN+/P+CPO+3..."
[1543494669.906][INFO]: [1fa74e937df9d2f33146b20e295fb35a] COMMAND FindElement {
   "using": "xpath",
   "value": "//md-card[contains(@class,'totalScenarioCard')]"
}
[1543494669.906][INFO]: Waiting for pending navigations...
[1543494669.907][INFO]: Done waiting for pending navigations. Status: ok
[1543494669.922][INFO]: Waiting for pending navigations...
[1543494669.922][INFO]: Done waiting for pending navigations. Status: ok
[1543494669.922][INFO]: [1fa74e937df9d2f33146b20e295fb35a] RESPONSE FindElement {
   "ELEMENT": "0.2099000496661454-5"
}
[1543494669.926][INFO]: [1fa74e937df9d2f33146b20e295fb35a] COMMAND ExecuteScript {
   "args": [ {
      "ELEMENT": "0.2099000496661454-5",
      "element-6066-11e4-a52e-4f735466cecf": "0.2099000496661454-5"
   } ],
   "script": "arguments[0].scrollIntoView(true);"
}
[1543494669.926][INFO]: Waiting for pending navigations...
[1543494669.928][INFO]: Done waiting for pending navigations. Status: ok
[1543494669.932][INFO]: Waiting for pending navigations...
[1543494669.938][INFO]: Done waiting for pending navigations. Status: ok
[1543494669.938][INFO]: [1fa74e937df9d2f33146b20e295fb35a] RESPONSE ExecuteScript
[1543494669.943][INFO]: [1fa74e937df9d2f33146b20e295fb35a] COMMAND ExecuteScript {
   "args": [  ],
   "script": "return document.readyState"
}
[1543494669.943][INFO]: Waiting for pending navigations...
[1543494669.944][INFO]: Done waiting for pending navigations. Status: ok
[1543494669.949][INFO]: Waiting for pending navigations...
[1543494669.953][INFO]: Done waiting for pending navigations. Status: ok
[1543494669.953][INFO]: [1fa74e937df9d2f33146b20e295fb35a] RESPONSE ExecuteScript "complete"
[1543494669.955][INFO]: [1fa74e937df9d2f33146b20e295fb35a] COMMAND FindElement {
   "using": "xpath",
   "value": "//md-card[contains(@class,'totalScenarioCard')]"
}
[1543494669.955][INFO]: Waiting for pending navigations...
[1543494669.956][INFO]: Done waiting for pending navigations. Status: ok
[1543494669.965][INFO]: Waiting for pending navigations...
[1543494669.965][INFO]: Done waiting for pending navigations. Status: ok
[1543494669.965][INFO]: [1fa74e937df9d2f33146b20e295fb35a] RESPONSE FindElement {
   "ELEMENT": "0.2099000496661454-5"
}
[1543494669.968][INFO]: [1fa74e937df9d2f33146b20e295fb35a] COMMAND IsElementDisplayed {
   "id": "0.2099000496661454-5"
}
[1543494669.968][INFO]: Waiting for pending navigations...
[1543494669.969][INFO]: Done waiting for pending navigations. Status: ok
[1543494669.983][INFO]: Waiting for pending navigations...
[1543494669.984][INFO]: Done waiting for pending navigations. Status: ok
[1543494669.984][INFO]: [1fa74e937df9d2f33146b20e295fb35a] RESPONSE IsElementDisplayed true
[1543494669.986][INFO]: [1fa74e937df9d2f33146b20e295fb35a] COMMAND FindElement {
   "using": "xpath",
   "value": "//md-card[contains(@class,'totalScenarioCard')]"
}
[1543494669.986][INFO]: Waiting for pending navigations...
[1543494669.987][INFO]: Done waiting for pending navigations. Status: ok
[1543494669.995][INFO]: Waiting for pending navigations...
[1543494669.996][INFO]: Done waiting for pending navigations. Status: ok
[1543494669.996][INFO]: [1fa74e937df9d2f33146b20e295fb35a] RESPONSE FindElement {
   "ELEMENT": "0.2099000496661454-5"
}
[1543494669.998][INFO]: [1fa74e937df9d2f33146b20e295fb35a] COMMAND IsElementEnabled {
   "id": "0.2099000496661454-5"
}
[1543494669.998][INFO]: Waiting for pending navigations...
[1543494669.999][INFO]: Done waiting for pending navigations. Status: ok
[1543494670.008][INFO]: Waiting for pending navigations...
[1543494670.008][INFO]: Done waiting for pending navigations. Status: ok
[1543494670.008][INFO]: [1fa74e937df9d2f33146b20e295fb35a] RESPONSE IsElementEnabled true
[1543494670.011][INFO]: [1fa74e937df9d2f33146b20e295fb35a] COMMAND FindElement {
   "using": "xpath",
   "value": "//md-card[contains(@class,'totalScenarioCard')]"
}
[1543494670.011][INFO]: Waiting for pending navigations...
[1543494670.012][INFO]: Done waiting for pending navigations. Status: ok
[1543494670.020][INFO]: Waiting for pending navigations...
[1543494670.023][INFO]: Done waiting for pending navigations. Status: ok
[1543494670.023][INFO]: [1fa74e937df9d2f33146b20e295fb35a] RESPONSE FindElement {
   "ELEMENT": "0.2099000496661454-5"
}
[1543494670.026][INFO]: [1fa74e937df9d2f33146b20e295fb35a] COMMAND ClickElement {
   "id": "0.2099000496661454-5"
}
[1543494670.026][INFO]: Waiting for pending navigations...
[1543494670.029][INFO]: Done waiting for pending navigations. Status: ok
[1543494670.342][INFO]: Waiting for pending navigations...
[1543494670.493][INFO]: Done waiting for pending navigations. Status: ok
[1543494670.493][INFO]: [1fa74e937df9d2f33146b20e295fb35a] RESPONSE ClickElement
[1543494670.495][INFO]: [1fa74e937df9d2f33146b20e295fb35a] COMMAND ExecuteScript {
   "args": [  ],
   "script": "return document.readyState"
}
[1543494670.495][INFO]: Waiting for pending navigations...
[1543494670.513][INFO]: Done waiting for pending navigations. Status: ok
[1543494670.517][INFO]: Waiting for pending navigations...
[1543494670.529][INFO]: Done waiting for pending navigations. Status: ok
[1543494670.529][INFO]: [1fa74e937df9d2f33146b20e295fb35a] RESPONSE ExecuteScript "complete"
[1543494670.533][INFO]: [1fa74e937df9d2f33146b20e295fb35a] COMMAND GetWindow {

}
[1543494670.533][INFO]: Waiting for pending navigations...
[1543494670.535][INFO]: Done waiting for pending navigations. Status: ok
[1543494670.535][INFO]: Waiting for pending navigations...
[1543494670.537][INFO]: Done waiting for pending navigations. Status: ok
[1543494670.537][INFO]: [1fa74e937df9d2f33146b20e295fb35a] RESPONSE GetWindow "CDwindow-B4F1CB1783B330019518BEAC44E6ADAA"
[1543494670.540][INFO]: [1fa74e937df9d2f33146b20e295fb35a] COMMAND GetWindows {

}
[1543494670.541][INFO]: [1fa74e937df9d2f33146b20e295fb35a] RESPONSE GetWindows [ "CDwindow-B4F1CB1783B330019518BEAC44E6ADAA" ]
[1543494671.044][INFO]: [1fa74e937df9d2f33146b20e295fb35a] COMMAND GetWindows {

}
[1543494671.044][INFO]: [1fa74e937df9d2f33146b20e295fb35a] RESPONSE GetWindows [ "CDwindow-B4F1CB1783B330019518BEAC44E6ADAA" ]
[1543494671.547][INFO]: [1fa74e937df9d2f33146b20e295fb35a] COMMAND GetWindows {

}
[1543494671.547][INFO]: [1fa74e937df9d2f33146b20e295fb35a] RESPONSE GetWindows [ "CDwindow-B4F1CB1783B330019518BEAC44E6ADAA" ]
[1543494671.550][INFO]: [1fa74e937df9d2f33146b20e295fb35a] COMMAND Screenshot {

}
[1543494671.550][INFO]: Waiting for pending navigations...
[1543494671.551][INFO]: Done waiting for pending navigations. Status: ok
[1543494671.713][INFO]: Waiting for pending navigations...
[1543494671.715][INFO]: Done waiting for pending navigations. Status: ok
[1543494671.715][INFO]: [1fa74e937df9d2f33146b20e295fb35a] RESPONSE Screenshot "iVBORw0KGgoAAAANSUhEUgAABRUAAAJyCAYAAABaLicfAAAgAElEQVR4nOydeZwcZZ3/33X1MVcmx+S+EyAJkAOQJAiJXAIGxTWoGEADiEFBOX4LsrsEXWFdRGVFRYkuoqAoAq4CKhAFE4EkmnAECAk5yEXInUnm6K7qOn5/VB/VPdVd3VPd0z2TevMK3dNVz1FPP..."
[1543494671.733][INFO]: [1fa74e937df9d2f33146b20e295fb35a] COMMAND FindElement {
   "using": "xpath",
   "value": "//button[@label='Create']"
}
[1543494671.733][INFO]: Waiting for pending navigations...
[1543494671.734][INFO]: Done waiting for pending navigations. Status: ok
[1543494671.748][INFO]: Waiting for pending navigations...
[1543494671.749][INFO]: Done waiting for pending navigations. Status: ok
[1543494671.749][INFO]: [1fa74e937df9d2f33146b20e295fb35a] RESPONSE FindElement {
   "ELEMENT": "0.2099000496661454-6"
}
[1543494671.751][INFO]: [1fa74e937df9d2f33146b20e295fb35a] COMMAND ExecuteScript {
   "args": [ {
      "ELEMENT": "0.2099000496661454-6",
      "element-6066-11e4-a52e-4f735466cecf": "0.2099000496661454-6"
   } ],
   "script": "arguments[0].scrollIntoView(true);"
}
[1543494671.751][INFO]: Waiting for pending navigations...
[1543494671.752][INFO]: Done waiting for pending navigations. Status: ok
[1543494671.754][INFO]: Waiting for pending navigations...
[1543494671.755][INFO]: Done waiting for pending navigations. Status: ok
[1543494671.755][INFO]: [1fa74e937df9d2f33146b20e295fb35a] RESPONSE ExecuteScript
[1543494671.757][INFO]: [1fa74e937df9d2f33146b20e295fb35a] COMMAND ExecuteScript {
   "args": [  ],
   "script": "return document.readyState"
}
[1543494671.757][INFO]: Waiting for pending navigations...
[1543494671.757][INFO]: Done waiting for pending navigations. Status: ok
[1543494671.759][INFO]: Waiting for pending navigations...
[1543494671.759][INFO]: Done waiting for pending navigations. Status: ok
[1543494671.759][INFO]: [1fa74e937df9d2f33146b20e295fb35a] RESPONSE ExecuteScript "complete"
[1543494671.761][INFO]: [1fa74e937df9d2f33146b20e295fb35a] COMMAND FindElement {
   "using": "xpath",
   "value": "//button[@label='Create']"
}
[1543494671.761][INFO]: Waiting for pending navigations...
[1543494671.762][INFO]: Done waiting for pending navigations. Status: ok
[1543494671.769][INFO]: Waiting for pending navigations...
[1543494671.770][INFO]: Done waiting for pending navigations. Status: ok
[1543494671.770][INFO]: [1fa74e937df9d2f33146b20e295fb35a] RESPONSE FindElement {
   "ELEMENT": "0.2099000496661454-6"
}
[1543494671.772][INFO]: [1fa74e937df9d2f33146b20e295fb35a] COMMAND IsElementDisplayed {
   "id": "0.2099000496661454-6"
}
[1543494671.772][INFO]: Waiting for pending navigations...
[1543494671.773][INFO]: Done waiting for pending navigations. Status: ok
[1543494671.786][INFO]: Waiting for pending navigations...
[1543494671.786][INFO]: Done waiting for pending navigations. Status: ok
[1543494671.786][INFO]: [1fa74e937df9d2f33146b20e295fb35a] RESPONSE IsElementDisplayed true
[1543494671.789][INFO]: [1fa74e937df9d2f33146b20e295fb35a] COMMAND FindElement {
   "using": "xpath",
   "value": "//button[@label='Create']"
}
[1543494671.789][INFO]: Waiting for pending navigations...
[1543494671.789][INFO]: Done waiting for pending navigations. Status: ok
[1543494671.798][INFO]: Waiting for pending navigations...
[1543494671.798][INFO]: Done waiting for pending navigations. Status: ok
[1543494671.798][INFO]: [1fa74e937df9d2f33146b20e295fb35a] RESPONSE FindElement {
   "ELEMENT": "0.2099000496661454-6"
}
[1543494671.801][INFO]: [1fa74e937df9d2f33146b20e295fb35a] COMMAND IsElementEnabled {
   "id": "0.2099000496661454-6"
}
[1543494671.801][INFO]: Waiting for pending navigations...
[1543494671.801][INFO]: Done waiting for pending navigations. Status: ok
[1543494671.810][INFO]: Waiting for pending navigations...
[1543494671.811][INFO]: Done waiting for pending navigations. Status: ok
[1543494671.811][INFO]: [1fa74e937df9d2f33146b20e295fb35a] RESPONSE IsElementEnabled true
[1543494671.813][INFO]: [1fa74e937df9d2f33146b20e295fb35a] COMMAND FindElement {
   "using": "xpath",
   "value": "//button[@label='Create']"
}
[1543494671.813][INFO]: Waiting for pending navigations...
[1543494671.814][INFO]: Done waiting for pending navigations. Status: ok
[1543494671.822][INFO]: Waiting for pending navigations...
[1543494671.831][INFO]: Done waiting for pending navigations. Status: ok
[1543494671.831][INFO]: [1fa74e937df9d2f33146b20e295fb35a] RESPONSE FindElement {
   "ELEMENT": "0.2099000496661454-6"
}
[1543494671.834][INFO]: [1fa74e937df9d2f33146b20e295fb35a] COMMAND ClickElement {
   "id": "0.2099000496661454-6"
}
[1543494671.834][INFO]: Waiting for pending navigations...
[1543494671.834][INFO]: Done waiting for pending navigations. Status: ok
[1543494671.921][INFO]: Waiting for pending navigations...
[1543494671.926][INFO]: Done waiting for pending navigations. Status: ok
[1543494671.927][INFO]: [1fa74e937df9d2f33146b20e295fb35a] RESPONSE ClickElement
[1543494671.929][INFO]: [1fa74e937df9d2f33146b20e295fb35a] COMMAND ExecuteScript {
   "args": [  ],
   "script": "return document.readyState"
}
[1543494671.929][INFO]: Waiting for pending navigations...
[1543494671.930][INFO]: Done waiting for pending navigations. Status: ok
[1543494671.933][INFO]: Waiting for pending navigations...
[1543494671.934][INFO]: Done waiting for pending navigations. Status: ok
[1543494671.934][INFO]: [1fa74e937df9d2f33146b20e295fb35a] RESPONSE ExecuteScript "complete"
[1543494671.937][INFO]: [1fa74e937df9d2f33146b20e295fb35a] COMMAND GetWindow {

}
[1543494671.937][INFO]: Waiting for pending navigations...
[1543494671.937][INFO]: Done waiting for pending navigations. Status: ok
[1543494671.937][INFO]: Waiting for pending navigations...
[1543494671.938][INFO]: Done waiting for pending navigations. Status: ok
[1543494671.938][INFO]: [1fa74e937df9d2f33146b20e295fb35a] RESPONSE GetWindow "CDwindow-B4F1CB1783B330019518BEAC44E6ADAA"
[1543494671.941][INFO]: [1fa74e937df9d2f33146b20e295fb35a] COMMAND GetWindows {

}
[1543494671.942][INFO]: [1fa74e937df9d2f33146b20e295fb35a] RESPONSE GetWindows [ "CDwindow-B4F1CB1783B330019518BEAC44E6ADAA" ]
[1543494672.445][INFO]: [1fa74e937df9d2f33146b20e295fb35a] COMMAND GetWindows {

}
[1543494672.445][INFO]: [1fa74e937df9d2f33146b20e295fb35a] RESPONSE GetWindows [ "CDwindow-B4F1CB1783B330019518BEAC44E6ADAA" ]
[1543494672.948][INFO]: [1fa74e937df9d2f33146b20e295fb35a] COMMAND GetWindows {

}
[1543494672.948][INFO]: [1fa74e937df9d2f33146b20e295fb35a] RESPONSE GetWindows [ "CDwindow-B4F1CB1783B330019518BEAC44E6ADAA" ]
[1543494672.951][INFO]: [1fa74e937df9d2f33146b20e295fb35a] COMMAND Screenshot {

}
[1543494672.951][INFO]: Waiting for pending navigations...
[1543494672.951][INFO]: Done waiting for pending navigations. Status: ok
[1543494673.083][INFO]: Waiting for pending navigations...
[1543494673.084][INFO]: Done waiting for pending navigations. Status: ok
[1543494673.084][INFO]: [1fa74e937df9d2f33146b20e295fb35a] RESPONSE Screenshot "iVBORw0KGgoAAAANSUhEUgAABRUAAAJyCAYAAABaLicfAAAgAElEQVR4nOy9eZgc1X33+zlV1dvsi0aakWYkNNJoF2ABQmaRLZbg1xBjBydgmyR24ux73ixvbvzkOk5y/cZ5nyf3yc31m+fGTiDGBLAxxkE2izEgQIhFMhLaBaN1JM2MNKPR7F3b/aN67+qu7qnu6..."
[1543494673.098][INFO]: [1fa74e937df9d2f33146b20e295fb35a] COMMAND FindElement {
   "using": "xpath",
   "value": "//div[text()='Project ']/parent::div/descendant::p-dropdown[contains(@class,'filterDrop')]"
}
[1543494673.098][INFO]: Waiting for pending navigations...
[1543494673.099][INFO]: Done waiting for pending navigations. Status: ok
[1543494673.114][INFO]: Waiting for pending navigations...
[1543494673.114][INFO]: Done waiting for pending navigations. Status: ok
[1543494673.114][INFO]: [1fa74e937df9d2f33146b20e295fb35a] RESPONSE FindElement {
   "ELEMENT": "0.2099000496661454-7"
}
[1543494673.117][INFO]: [1fa74e937df9d2f33146b20e295fb35a] COMMAND ExecuteScript {
   "args": [ {
      "ELEMENT": "0.2099000496661454-7",
      "element-6066-11e4-a52e-4f735466cecf": "0.2099000496661454-7"
   } ],
   "script": "arguments[0].scrollIntoView(true);"
}
[1543494673.117][INFO]: Waiting for pending navigations...
[1543494673.117][INFO]: Done waiting for pending navigations. Status: ok
[1543494673.120][INFO]: Waiting for pending navigations...
[1543494673.120][INFO]: Done waiting for pending navigations. Status: ok
[1543494673.120][INFO]: [1fa74e937df9d2f33146b20e295fb35a] RESPONSE ExecuteScript
[1543494673.122][INFO]: [1fa74e937df9d2f33146b20e295fb35a] COMMAND ExecuteScript {
   "args": [  ],
   "script": "return document.readyState"
}
[1543494673.122][INFO]: Waiting for pending navigations...
[1543494673.123][INFO]: Done waiting for pending navigations. Status: ok
[1543494673.124][INFO]: Waiting for pending navigations...
[1543494673.125][INFO]: Done waiting for pending navigations. Status: ok
[1543494673.125][INFO]: [1fa74e937df9d2f33146b20e295fb35a] RESPONSE ExecuteScript "complete"
[1543494673.127][INFO]: [1fa74e937df9d2f33146b20e295fb35a] COMMAND FindElement {
   "using": "xpath",
   "value": "//div[text()='Project ']/parent::div/descendant::p-dropdown[contains(@class,'filterDrop')]"
}
[1543494673.127][INFO]: Waiting for pending navigations...
[1543494673.127][INFO]: Done waiting for pending navigations. Status: ok
[1543494673.135][INFO]: Waiting for pending navigations...
[1543494673.136][INFO]: Done waiting for pending navigations. Status: ok
[1543494673.136][INFO]: [1fa74e937df9d2f33146b20e295fb35a] RESPONSE FindElement {
   "ELEMENT": "0.2099000496661454-7"
}
[1543494673.138][INFO]: [1fa74e937df9d2f33146b20e295fb35a] COMMAND IsElementDisplayed {
   "id": "0.2099000496661454-7"
}
[1543494673.138][INFO]: Waiting for pending navigations...
[1543494673.138][INFO]: Done waiting for pending navigations. Status: ok
[1543494673.152][INFO]: Waiting for pending navigations...
[1543494673.152][INFO]: Done waiting for pending navigations. Status: ok
[1543494673.152][INFO]: [1fa74e937df9d2f33146b20e295fb35a] RESPONSE IsElementDisplayed true
[1543494673.155][INFO]: [1fa74e937df9d2f33146b20e295fb35a] COMMAND FindElement {
   "using": "xpath",
   "value": "//div[text()='Project ']/parent::div/descendant::p-dropdown[contains(@class,'filterDrop')]"
}
[1543494673.155][INFO]: Waiting for pending navigations...
[1543494673.155][INFO]: Done waiting for pending navigations. Status: ok
[1543494673.163][INFO]: Waiting for pending navigations...
[1543494673.163][INFO]: Done waiting for pending navigations. Status: ok
[1543494673.163][INFO]: [1fa74e937df9d2f33146b20e295fb35a] RESPONSE FindElement {
   "ELEMENT": "0.2099000496661454-7"
}
[1543494673.166][INFO]: [1fa74e937df9d2f33146b20e295fb35a] COMMAND IsElementEnabled {
   "id": "0.2099000496661454-7"
}
[1543494673.166][INFO]: Waiting for pending navigations...
[1543494673.166][INFO]: Done waiting for pending navigations. Status: ok
[1543494673.175][INFO]: Waiting for pending navigations...
[1543494673.175][INFO]: Done waiting for pending navigations. Status: ok
[1543494673.175][INFO]: [1fa74e937df9d2f33146b20e295fb35a] RESPONSE IsElementEnabled true
[1543494673.178][INFO]: [1fa74e937df9d2f33146b20e295fb35a] COMMAND FindElement {
   "using": "xpath",
   "value": "//div[text()='Project ']/parent::div/descendant::p-dropdown[contains(@class,'filterDrop')]"
}
[1543494673.178][INFO]: Waiting for pending navigations...
[1543494673.178][INFO]: Done waiting for pending navigations. Status: ok
[1543494673.186][INFO]: Waiting for pending navigations...
[1543494673.186][INFO]: Done waiting for pending navigations. Status: ok
[1543494673.186][INFO]: [1fa74e937df9d2f33146b20e295fb35a] RESPONSE FindElement {
   "ELEMENT": "0.2099000496661454-7"
}
[1543494673.189][INFO]: [1fa74e937df9d2f33146b20e295fb35a] COMMAND ClickElement {
   "id": "0.2099000496661454-7"
}
[1543494673.189][INFO]: Waiting for pending navigations...
[1543494673.189][INFO]: Done waiting for pending navigations. Status: ok
[1543494673.275][INFO]: Waiting for pending navigations...
[1543494673.284][INFO]: Done waiting for pending navigations. Status: ok
[1543494673.284][INFO]: [1fa74e937df9d2f33146b20e295fb35a] RESPONSE ClickElement
[1543494673.287][INFO]: [1fa74e937df9d2f33146b20e295fb35a] COMMAND ExecuteScript {
   "args": [  ],
   "script": "return document.readyState"
}
[1543494673.287][INFO]: Waiting for pending navigations...
[1543494673.289][INFO]: Done waiting for pending navigations. Status: ok
[1543494673.291][INFO]: Waiting for pending navigations...
[1543494673.292][INFO]: Done waiting for pending navigations. Status: ok
[1543494673.292][INFO]: [1fa74e937df9d2f33146b20e295fb35a] RESPONSE ExecuteScript "complete"
[1543494673.295][INFO]: [1fa74e937df9d2f33146b20e295fb35a] COMMAND GetWindow {

}
[1543494673.295][INFO]: Waiting for pending navigations...
[1543494673.296][INFO]: Done waiting for pending navigations. Status: ok
[1543494673.296][INFO]: Waiting for pending navigations...
[1543494673.296][INFO]: Done waiting for pending navigations. Status: ok
[1543494673.296][INFO]: [1fa74e937df9d2f33146b20e295fb35a] RESPONSE GetWindow "CDwindow-B4F1CB1783B330019518BEAC44E6ADAA"
[1543494673.298][INFO]: [1fa74e937df9d2f33146b20e295fb35a] COMMAND GetWindows {

}
[1543494673.299][INFO]: [1fa74e937df9d2f33146b20e295fb35a] RESPONSE GetWindows [ "CDwindow-B4F1CB1783B330019518BEAC44E6ADAA" ]
[1543494673.801][INFO]: [1fa74e937df9d2f33146b20e295fb35a] COMMAND GetWindows {

}
[1543494673.802][INFO]: [1fa74e937df9d2f33146b20e295fb35a] RESPONSE GetWindows [ "CDwindow-B4F1CB1783B330019518BEAC44E6ADAA" ]
[1543494674.304][INFO]: [1fa74e937df9d2f33146b20e295fb35a] COMMAND GetWindows {

}
[1543494674.305][INFO]: [1fa74e937df9d2f33146b20e295fb35a] RESPONSE GetWindows [ "CDwindow-B4F1CB1783B330019518BEAC44E6ADAA" ]
[1543494674.307][INFO]: [1fa74e937df9d2f33146b20e295fb35a] COMMAND Screenshot {

}
[1543494674.307][INFO]: Waiting for pending navigations...
[1543494674.308][INFO]: Done waiting for pending navigations. Status: ok
[1543494674.431][INFO]: Waiting for pending navigations...
[1543494674.431][INFO]: Done waiting for pending navigations. Status: ok
[1543494674.432][INFO]: [1fa74e937df9d2f33146b20e295fb35a] RESPONSE Screenshot "iVBORw0KGgoAAAANSUhEUgAABRUAAAJyCAYAAABaLicfAAAgAElEQVR4nOy9eZgc1X3v/TlV1dvsM9JIM9JIQqN9Q7YAIbPIFkvwNcTYxgnYJomdOPvm5Ga5fuMnr+ObvL5x7vPc98mb1zfPGzuBGBPAxhgb2SzGgAAhFikItAtG60iaGc2MRrN3be8f1XtXd3VPd..."
[1543494674.445][INFO]: [1fa74e937df9d2f33146b20e295fb35a] COMMAND FindElement {
   "using": "xpath",
   "value": "//div[text()='Project ']/parent::div/descendant::p-dropdown[contains(@class,'filterDrop')]//ul/li/span[text()='default']"
}
[1543494674.445][INFO]: Waiting for pending navigations...
[1543494674.446][INFO]: Done waiting for pending navigations. Status: ok
[1543494674.466][INFO]: Waiting for pending navigations...
[1543494674.467][INFO]: Done waiting for pending navigations. Status: ok
[1543494674.467][INFO]: [1fa74e937df9d2f33146b20e295fb35a] RESPONSE FindElement {
   "ELEMENT": "0.2099000496661454-8"
}
[1543494674.469][INFO]: [1fa74e937df9d2f33146b20e295fb35a] COMMAND ExecuteScript {
   "args": [ {
      "ELEMENT": "0.2099000496661454-8",
      "element-6066-11e4-a52e-4f735466cecf": "0.2099000496661454-8"
   } ],
   "script": "arguments[0].scrollIntoView(true);"
}
[1543494674.469][INFO]: Waiting for pending navigations...
[1543494674.469][INFO]: Done waiting for pending navigations. Status: ok
[1543494674.472][INFO]: Waiting for pending navigations...
[1543494674.473][INFO]: Done waiting for pending navigations. Status: ok
[1543494674.473][INFO]: [1fa74e937df9d2f33146b20e295fb35a] RESPONSE ExecuteScript
[1543494674.475][INFO]: [1fa74e937df9d2f33146b20e295fb35a] COMMAND ExecuteScript {
   "args": [  ],
   "script": "return document.readyState"
}
[1543494674.475][INFO]: Waiting for pending navigations...
[1543494674.475][INFO]: Done waiting for pending navigations. Status: ok
[1543494674.477][INFO]: Waiting for pending navigations...
[1543494674.477][INFO]: Done waiting for pending navigations. Status: ok
[1543494674.477][INFO]: [1fa74e937df9d2f33146b20e295fb35a] RESPONSE ExecuteScript "complete"
[1543494674.480][INFO]: [1fa74e937df9d2f33146b20e295fb35a] COMMAND IsElementDisplayed {
   "id": "0.2099000496661454-8"
}
[1543494674.480][INFO]: Waiting for pending navigations...
[1543494674.480][INFO]: Done waiting for pending navigations. Status: ok
[1543494674.494][INFO]: Waiting for pending navigations...
[1543494674.494][INFO]: Done waiting for pending navigations. Status: ok
[1543494674.494][INFO]: [1fa74e937df9d2f33146b20e295fb35a] RESPONSE IsElementDisplayed true
[1543494674.496][INFO]: [1fa74e937df9d2f33146b20e295fb35a] COMMAND IsElementEnabled {
   "id": "0.2099000496661454-8"
}
[1543494674.496][INFO]: Waiting for pending navigations...
[1543494674.497][INFO]: Done waiting for pending navigations. Status: ok
[1543494674.506][INFO]: Waiting for pending navigations...
[1543494674.507][INFO]: Done waiting for pending navigations. Status: ok
[1543494674.507][INFO]: [1fa74e937df9d2f33146b20e295fb35a] RESPONSE IsElementEnabled true
[1543494674.509][INFO]: [1fa74e937df9d2f33146b20e295fb35a] COMMAND ClickElement {
   "id": "0.2099000496661454-8"
}
[1543494674.509][INFO]: Waiting for pending navigations...
[1543494674.509][INFO]: Done waiting for pending navigations. Status: ok
[1543494674.598][INFO]: Waiting for pending navigations...
[1543494674.601][INFO]: Done waiting for pending navigations. Status: ok
[1543494674.601][INFO]: [1fa74e937df9d2f33146b20e295fb35a] RESPONSE ClickElement
[1543494674.604][INFO]: [1fa74e937df9d2f33146b20e295fb35a] COMMAND ExecuteScript {
   "args": [  ],
   "script": "return document.readyState"
}
[1543494674.604][INFO]: Waiting for pending navigations...
[1543494674.606][INFO]: Done waiting for pending navigations. Status: ok
[1543494674.608][INFO]: Waiting for pending navigations...
[1543494674.609][INFO]: Done waiting for pending navigations. Status: ok
[1543494674.609][INFO]: [1fa74e937df9d2f33146b20e295fb35a] RESPONSE ExecuteScript "complete"
[1543494674.612][INFO]: [1fa74e937df9d2f33146b20e295fb35a] COMMAND GetWindow {

}
[1543494674.612][INFO]: Waiting for pending navigations...
[1543494674.614][INFO]: Done waiting for pending navigations. Status: ok
[1543494674.614][INFO]: Waiting for pending navigations...
[1543494674.616][INFO]: Done waiting for pending navigations. Status: ok
[1543494674.616][INFO]: [1fa74e937df9d2f33146b20e295fb35a] RESPONSE GetWindow "CDwindow-B4F1CB1783B330019518BEAC44E6ADAA"
[1543494674.618][INFO]: [1fa74e937df9d2f33146b20e295fb35a] COMMAND GetWindows {

}
[1543494674.619][INFO]: [1fa74e937df9d2f33146b20e295fb35a] RESPONSE GetWindows [ "CDwindow-B4F1CB1783B330019518BEAC44E6ADAA" ]
[1543494675.121][INFO]: [1fa74e937df9d2f33146b20e295fb35a] COMMAND GetWindows {

}
[1543494675.122][INFO]: [1fa74e937df9d2f33146b20e295fb35a] RESPONSE GetWindows [ "CDwindow-B4F1CB1783B330019518BEAC44E6ADAA" ]
[1543494675.625][INFO]: [1fa74e937df9d2f33146b20e295fb35a] COMMAND GetWindows {

}
[1543494675.625][INFO]: [1fa74e937df9d2f33146b20e295fb35a] RESPONSE GetWindows [ "CDwindow-B4F1CB1783B330019518BEAC44E6ADAA" ]
[1543494675.628][INFO]: [1fa74e937df9d2f33146b20e295fb35a] COMMAND Screenshot {

}
[1543494675.628][INFO]: Waiting for pending navigations...
[1543494675.628][INFO]: Done waiting for pending navigations. Status: ok
[1543494675.786][INFO]: Waiting for pending navigations...
[1543494675.787][INFO]: Done waiting for pending navigations. Status: ok
[1543494675.787][INFO]: [1fa74e937df9d2f33146b20e295fb35a] RESPONSE Screenshot "iVBORw0KGgoAAAANSUhEUgAABRUAAAJyCAYAAABaLicfAAAgAElEQVR4nOy9eXQc133n+7lV1Rv2hSABEiRFcN9Em5IoWgttaok8lmLZkWPJSxI7cfZlMplkMnnjk+fxJJOJM+fMO3kZT86LnUixrEiyZVmOaGuxLImSKGohI0rcKXEHSQAEQOxA1/b+qN67uqsb1..."
[1543494675.804][INFO]: [1fa74e937df9d2f33146b20e295fb35a] COMMAND FindElement {
   "using": "xpath",
   "value": "//div[text()='SubProject ']/parent::div/descendant::p-dropdown[contains(@class,'filterDrop')]"
}
[1543494675.804][INFO]: Waiting for pending navigations...
[1543494675.804][INFO]: Done waiting for pending navigations. Status: ok
[1543494675.821][INFO]: Waiting for pending navigations...
[1543494675.821][INFO]: Done waiting for pending navigations. Status: ok
[1543494675.821][INFO]: [1fa74e937df9d2f33146b20e295fb35a] RESPONSE FindElement {
   "ELEMENT": "0.2099000496661454-9"
}
[1543494675.824][INFO]: [1fa74e937df9d2f33146b20e295fb35a] COMMAND ExecuteScript {
   "args": [ {
      "ELEMENT": "0.2099000496661454-9",
      "element-6066-11e4-a52e-4f735466cecf": "0.2099000496661454-9"
   } ],
   "script": "arguments[0].scrollIntoView(true);"
}
[1543494675.824][INFO]: Waiting for pending navigations...
[1543494675.824][INFO]: Done waiting for pending navigations. Status: ok
[1543494675.827][INFO]: Waiting for pending navigations...
[1543494675.827][INFO]: Done waiting for pending navigations. Status: ok
[1543494675.827][INFO]: [1fa74e937df9d2f33146b20e295fb35a] RESPONSE ExecuteScript
[1543494675.829][INFO]: [1fa74e937df9d2f33146b20e295fb35a] COMMAND ExecuteScript {
   "args": [  ],
   "script": "return document.readyState"
}
[1543494675.829][INFO]: Waiting for pending navigations...
[1543494675.830][INFO]: Done waiting for pending navigations. Status: ok
[1543494675.831][INFO]: Waiting for pending navigations...
[1543494675.832][INFO]: Done waiting for pending navigations. Status: ok
[1543494675.832][INFO]: [1fa74e937df9d2f33146b20e295fb35a] RESPONSE ExecuteScript "complete"
[1543494675.834][INFO]: [1fa74e937df9d2f33146b20e295fb35a] COMMAND FindElement {
   "using": "xpath",
   "value": "//div[text()='SubProject ']/parent::div/descendant::p-dropdown[contains(@class,'filterDrop')]"
}
[1543494675.834][INFO]: Waiting for pending navigations...
[1543494675.834][INFO]: Done waiting for pending navigations. Status: ok
[1543494675.843][INFO]: Waiting for pending navigations...
[1543494675.846][INFO]: Done waiting for pending navigations. Status: ok
[1543494675.846][INFO]: [1fa74e937df9d2f33146b20e295fb35a] RESPONSE FindElement {
   "ELEMENT": "0.2099000496661454-9"
}
[1543494675.848][INFO]: [1fa74e937df9d2f33146b20e295fb35a] COMMAND IsElementDisplayed {
   "id": "0.2099000496661454-9"
}
[1543494675.848][INFO]: Waiting for pending navigations...
[1543494675.852][INFO]: Done waiting for pending navigations. Status: ok
[1543494675.869][INFO]: Waiting for pending navigations...
[1543494675.872][INFO]: Done waiting for pending navigations. Status: ok
[1543494675.872][INFO]: [1fa74e937df9d2f33146b20e295fb35a] RESPONSE IsElementDisplayed true
[1543494675.876][INFO]: [1fa74e937df9d2f33146b20e295fb35a] COMMAND FindElement {
   "using": "xpath",
   "value": "//div[text()='SubProject ']/parent::div/descendant::p-dropdown[contains(@class,'filterDrop')]"
}
[1543494675.876][INFO]: Waiting for pending navigations...
[1543494675.876][INFO]: Done waiting for pending navigations. Status: ok
[1543494675.886][INFO]: Waiting for pending navigations...
[1543494675.887][INFO]: Done waiting for pending navigations. Status: ok
[1543494675.887][INFO]: [1fa74e937df9d2f33146b20e295fb35a] RESPONSE FindElement {
   "ELEMENT": "0.2099000496661454-9"
}
[1543494675.889][INFO]: [1fa74e937df9d2f33146b20e295fb35a] COMMAND IsElementEnabled {
   "id": "0.2099000496661454-9"
}
[1543494675.889][INFO]: Waiting for pending navigations...
[1543494675.889][INFO]: Done waiting for pending navigations. Status: ok
[1543494675.898][INFO]: Waiting for pending navigations...
[1543494675.898][INFO]: Done waiting for pending navigations. Status: ok
[1543494675.898][INFO]: [1fa74e937df9d2f33146b20e295fb35a] RESPONSE IsElementEnabled true
[1543494675.901][INFO]: [1fa74e937df9d2f33146b20e295fb35a] COMMAND FindElement {
   "using": "xpath",
   "value": "//div[text()='SubProject ']/parent::div/descendant::p-dropdown[contains(@class,'filterDrop')]"
}
[1543494675.901][INFO]: Waiting for pending navigations...
[1543494675.901][INFO]: Done waiting for pending navigations. Status: ok
[1543494675.909][INFO]: Waiting for pending navigations...
[1543494675.910][INFO]: Done waiting for pending navigations. Status: ok
[1543494675.910][INFO]: [1fa74e937df9d2f33146b20e295fb35a] RESPONSE FindElement {
   "ELEMENT": "0.2099000496661454-9"
}
[1543494675.912][INFO]: [1fa74e937df9d2f33146b20e295fb35a] COMMAND ClickElement {
   "id": "0.2099000496661454-9"
}
[1543494675.912][INFO]: Waiting for pending navigations...
[1543494675.913][INFO]: Done waiting for pending navigations. Status: ok
[1543494676.026][INFO]: Waiting for pending navigations...
[1543494676.036][INFO]: Done waiting for pending navigations. Status: ok
[1543494676.036][INFO]: [1fa74e937df9d2f33146b20e295fb35a] RESPONSE ClickElement
[1543494676.041][INFO]: [1fa74e937df9d2f33146b20e295fb35a] COMMAND ExecuteScript {
   "args": [  ],
   "script": "return document.readyState"
}
[1543494676.041][INFO]: Waiting for pending navigations...
[1543494676.042][INFO]: Done waiting for pending navigations. Status: ok
[1543494676.045][INFO]: Waiting for pending navigations...
[1543494676.047][INFO]: Done waiting for pending navigations. Status: ok
[1543494676.047][INFO]: [1fa74e937df9d2f33146b20e295fb35a] RESPONSE ExecuteScript "complete"
[1543494676.050][INFO]: [1fa74e937df9d2f33146b20e295fb35a] COMMAND GetWindow {

}
[1543494676.050][INFO]: Waiting for pending navigations...
[1543494676.050][INFO]: Done waiting for pending navigations. Status: ok
[1543494676.050][INFO]: Waiting for pending navigations...
[1543494676.051][INFO]: Done waiting for pending navigations. Status: ok
[1543494676.051][INFO]: [1fa74e937df9d2f33146b20e295fb35a] RESPONSE GetWindow "CDwindow-B4F1CB1783B330019518BEAC44E6ADAA"
[1543494676.053][INFO]: [1fa74e937df9d2f33146b20e295fb35a] COMMAND GetWindows {

}
[1543494676.054][INFO]: [1fa74e937df9d2f33146b20e295fb35a] RESPONSE GetWindows [ "CDwindow-B4F1CB1783B330019518BEAC44E6ADAA" ]
[1543494676.556][INFO]: [1fa74e937df9d2f33146b20e295fb35a] COMMAND GetWindows {

}
[1543494676.557][INFO]: [1fa74e937df9d2f33146b20e295fb35a] RESPONSE GetWindows [ "CDwindow-B4F1CB1783B330019518BEAC44E6ADAA" ]
[1543494677.060][INFO]: [1fa74e937df9d2f33146b20e295fb35a] COMMAND GetWindows {

}
[1543494677.060][INFO]: [1fa74e937df9d2f33146b20e295fb35a] RESPONSE GetWindows [ "CDwindow-B4F1CB1783B330019518BEAC44E6ADAA" ]
[1543494677.063][INFO]: [1fa74e937df9d2f33146b20e295fb35a] COMMAND Screenshot {

}
[1543494677.063][INFO]: Waiting for pending navigations...
[1543494677.064][INFO]: Done waiting for pending navigations. Status: ok
[1543494677.205][INFO]: Waiting for pending navigations...
[1543494677.206][INFO]: Done waiting for pending navigations. Status: ok
[1543494677.206][INFO]: [1fa74e937df9d2f33146b20e295fb35a] RESPONSE Screenshot "iVBORw0KGgoAAAANSUhEUgAABRUAAAJyCAYAAABaLicfAAAgAElEQVR4nOy9eZgc1X3v/TlV1dvsi0aakWYkNNJoF9gChAxItliCY4ixgxPwksROnH29ucnNzXv95HV8kzc3zn2e+z558/rmeWMnEGMC2BjjIJvFGBAgxCIFgXaB9pE0M5oZzT7Ttb1/VO9d3dU91..."
[1543494677.220][INFO]: [1fa74e937df9d2f33146b20e295fb35a] COMMAND FindElement {
   "using": "xpath",
   "value": "//div[text()='SubProject ']/parent::div/descendant::p-dropdown[contains(@class,'filterDrop')]//ul//span[text()='default']"
}
[1543494677.220][INFO]: Waiting for pending navigations...
[1543494677.221][INFO]: Done waiting for pending navigations. Status: ok
[1543494677.241][INFO]: Waiting for pending navigations...
[1543494677.241][INFO]: Done waiting for pending navigations. Status: ok
[1543494677.242][INFO]: [1fa74e937df9d2f33146b20e295fb35a] RESPONSE FindElement {
   "ELEMENT": "0.2099000496661454-10"
}
[1543494677.244][INFO]: [1fa74e937df9d2f33146b20e295fb35a] COMMAND ExecuteScript {
   "args": [ {
      "ELEMENT": "0.2099000496661454-10",
      "element-6066-11e4-a52e-4f735466cecf": "0.2099000496661454-10"
   } ],
   "script": "arguments[0].scrollIntoView(true);"
}
[1543494677.244][INFO]: Waiting for pending navigations...
[1543494677.244][INFO]: Done waiting for pending navigations. Status: ok
[1543494677.247][INFO]: Waiting for pending navigations...
[1543494677.247][INFO]: Done waiting for pending navigations. Status: ok
[1543494677.247][INFO]: [1fa74e937df9d2f33146b20e295fb35a] RESPONSE ExecuteScript
[1543494677.249][INFO]: [1fa74e937df9d2f33146b20e295fb35a] COMMAND ExecuteScript {
   "args": [  ],
   "script": "return document.readyState"
}
[1543494677.250][INFO]: Waiting for pending navigations...
[1543494677.250][INFO]: Done waiting for pending navigations. Status: ok
[1543494677.251][INFO]: Waiting for pending navigations...
[1543494677.252][INFO]: Done waiting for pending navigations. Status: ok
[1543494677.252][INFO]: [1fa74e937df9d2f33146b20e295fb35a] RESPONSE ExecuteScript "complete"
[1543494677.254][INFO]: [1fa74e937df9d2f33146b20e295fb35a] COMMAND IsElementDisplayed {
   "id": "0.2099000496661454-10"
}
[1543494677.254][INFO]: Waiting for pending navigations...
[1543494677.255][INFO]: Done waiting for pending navigations. Status: ok
[1543494677.268][INFO]: Waiting for pending navigations...
[1543494677.269][INFO]: Done waiting for pending navigations. Status: ok
[1543494677.269][INFO]: [1fa74e937df9d2f33146b20e295fb35a] RESPONSE IsElementDisplayed true
[1543494677.271][INFO]: [1fa74e937df9d2f33146b20e295fb35a] COMMAND IsElementEnabled {
   "id": "0.2099000496661454-10"
}
[1543494677.271][INFO]: Waiting for pending navigations...
[1543494677.271][INFO]: Done waiting for pending navigations. Status: ok
[1543494677.280][INFO]: Waiting for pending navigations...
[1543494677.280][INFO]: Done waiting for pending navigations. Status: ok
[1543494677.280][INFO]: [1fa74e937df9d2f33146b20e295fb35a] RESPONSE IsElementEnabled true
[1543494677.283][INFO]: [1fa74e937df9d2f33146b20e295fb35a] COMMAND ClickElement {
   "id": "0.2099000496661454-10"
}
[1543494677.283][INFO]: Waiting for pending navigations...
[1543494677.283][INFO]: Done waiting for pending navigations. Status: ok
[1543494677.360][INFO]: Waiting for pending navigations...
[1543494677.363][INFO]: Done waiting for pending navigations. Status: ok
[1543494677.363][INFO]: [1fa74e937df9d2f33146b20e295fb35a] RESPONSE ClickElement
[1543494677.366][INFO]: [1fa74e937df9d2f33146b20e295fb35a] COMMAND ExecuteScript {
   "args": [  ],
   "script": "return document.readyState"
}
[1543494677.366][INFO]: Waiting for pending navigations...
[1543494677.368][INFO]: Done waiting for pending navigations. Status: ok
[1543494677.371][INFO]: Waiting for pending navigations...
[1543494677.373][INFO]: Done waiting for pending navigations. Status: ok
[1543494677.373][INFO]: [1fa74e937df9d2f33146b20e295fb35a] RESPONSE ExecuteScript "complete"
[1543494677.375][INFO]: [1fa74e937df9d2f33146b20e295fb35a] COMMAND GetWindow {

}
[1543494677.375][INFO]: Waiting for pending navigations...
[1543494677.376][INFO]: Done waiting for pending navigations. Status: ok
[1543494677.376][INFO]: Waiting for pending navigations...
[1543494677.378][INFO]: Done waiting for pending navigations. Status: ok
[1543494677.378][INFO]: [1fa74e937df9d2f33146b20e295fb35a] RESPONSE GetWindow "CDwindow-B4F1CB1783B330019518BEAC44E6ADAA"
[1543494677.380][INFO]: [1fa74e937df9d2f33146b20e295fb35a] COMMAND GetWindows {

}
[1543494677.382][INFO]: [1fa74e937df9d2f33146b20e295fb35a] RESPONSE GetWindows [ "CDwindow-B4F1CB1783B330019518BEAC44E6ADAA" ]
[1543494677.884][INFO]: [1fa74e937df9d2f33146b20e295fb35a] COMMAND GetWindows {

}
[1543494677.885][INFO]: [1fa74e937df9d2f33146b20e295fb35a] RESPONSE GetWindows [ "CDwindow-B4F1CB1783B330019518BEAC44E6ADAA" ]
[1543494678.387][INFO]: [1fa74e937df9d2f33146b20e295fb35a] COMMAND GetWindows {

}
[1543494680.624][INFO]: [1fa74e937df9d2f33146b20e295fb35a] RESPONSE GetWindows [ "CDwindow-B4F1CB1783B330019518BEAC44E6ADAA" ]
[1543494680.628][INFO]: [1fa74e937df9d2f33146b20e295fb35a] COMMAND Screenshot {

}
[1543494680.628][INFO]: Waiting for pending navigations...
[1543494680.684][INFO]: Done waiting for pending navigations. Status: ok
[1543494680.821][INFO]: Waiting for pending navigations...
[1543494680.822][INFO]: Done waiting for pending navigations. Status: ok
[1543494680.822][INFO]: [1fa74e937df9d2f33146b20e295fb35a] RESPONSE Screenshot "iVBORw0KGgoAAAANSUhEUgAABRUAAAJyCAYAAABaLicfAAAgAElEQVR4nOy9eZhc1X3n/Tn33tp6Ue9St9SSUGvfEBYgZAGyxRIYQ4wdnIBtEtuJk0wyyUwmb2YyecdPXseTvJ7E8zzzPHnn9eR5Y8eQYGKwCcZBNhhjQIBYJSOhXaK1ttSL1K3eu+tu7x+39rpVt..."
[1543494680.836][INFO]: [1fa74e937df9d2f33146b20e295fb35a] COMMAND ExecuteScript {
   "args": [  ],
   "script": "return document.readyState"
}
[1543494680.836][INFO]: Waiting for pending navigations...
[1543494680.837][INFO]: Done waiting for pending navigations. Status: ok
[1543494680.839][INFO]: Waiting for pending navigations...
[1543494680.840][INFO]: Done waiting for pending navigations. Status: ok
[1543494680.840][INFO]: [1fa74e937df9d2f33146b20e295fb35a] RESPONSE ExecuteScript "complete"
[1543494680.842][INFO]: [1fa74e937df9d2f33146b20e295fb35a] COMMAND FindElement {
   "using": "xpath",
   "value": "//div[text()='Scenario Name ']/parent::div/descendant::input"
}
[1543494680.842][INFO]: Waiting for pending navigations...
[1543494680.842][INFO]: Done waiting for pending navigations. Status: ok
[1543494680.858][INFO]: Waiting for pending navigations...
[1543494680.864][INFO]: Done waiting for pending navigations. Status: ok
[1543494680.864][INFO]: [1fa74e937df9d2f33146b20e295fb35a] RESPONSE FindElement {
   "ELEMENT": "0.2099000496661454-11"
}
[1543494680.866][INFO]: [1fa74e937df9d2f33146b20e295fb35a] COMMAND ClearElement {
   "id": "0.2099000496661454-11"
}
[1543494680.866][INFO]: Waiting for pending navigations...
[1543494680.867][INFO]: Done waiting for pending navigations. Status: ok
[1543494680.901][INFO]: Waiting for pending navigations...
[1543494680.905][INFO]: Done waiting for pending navigations. Status: ok
[1543494680.905][INFO]: [1fa74e937df9d2f33146b20e295fb35a] RESPONSE ClearElement
[1543494680.908][INFO]: [1fa74e937df9d2f33146b20e295fb35a] COMMAND FindElement {
   "using": "xpath",
   "value": "//div[text()='Scenario Name ']/parent::div/descendant::input"
}
[1543494680.908][INFO]: Waiting for pending navigations...
[1543494680.909][INFO]: Done waiting for pending navigations. Status: ok
[1543494680.917][INFO]: Waiting for pending navigations...
[1543494680.919][INFO]: Done waiting for pending navigations. Status: ok
[1543494680.919][INFO]: [1fa74e937df9d2f33146b20e295fb35a] RESPONSE FindElement {
   "ELEMENT": "0.2099000496661454-11"
}
[1543494680.922][INFO]: [1fa74e937df9d2f33146b20e295fb35a] COMMAND TypeElement {
   "id": "0.2099000496661454-11",
   "value": [ "new_netstorm_test3" ]
}
[1543494680.922][INFO]: Waiting for pending navigations...
[1543494680.923][INFO]: Done waiting for pending navigations. Status: ok
[1543494681.509][INFO]: Waiting for pending navigations...
[1543494681.510][INFO]: Done waiting for pending navigations. Status: ok
[1543494681.511][INFO]: [1fa74e937df9d2f33146b20e295fb35a] RESPONSE TypeElement
[1543494681.514][INFO]: [1fa74e937df9d2f33146b20e295fb35a] COMMAND ExecuteScript {
   "args": [  ],
   "script": "return document.readyState"
}
[1543494681.514][INFO]: Waiting for pending navigations...
[1543494681.514][INFO]: Done waiting for pending navigations. Status: ok
[1543494681.517][INFO]: Waiting for pending navigations...
[1543494681.518][INFO]: Done waiting for pending navigations. Status: ok
[1543494681.518][INFO]: [1fa74e937df9d2f33146b20e295fb35a] RESPONSE ExecuteScript "complete"
[1543494681.520][INFO]: [1fa74e937df9d2f33146b20e295fb35a] COMMAND GetWindow {

}
[1543494681.520][INFO]: Waiting for pending navigations...
[1543494681.521][INFO]: Done waiting for pending navigations. Status: ok
[1543494681.521][INFO]: Waiting for pending navigations...
[1543494681.521][INFO]: Done waiting for pending navigations. Status: ok
[1543494681.521][INFO]: [1fa74e937df9d2f33146b20e295fb35a] RESPONSE GetWindow "CDwindow-B4F1CB1783B330019518BEAC44E6ADAA"
[1543494681.524][INFO]: [1fa74e937df9d2f33146b20e295fb35a] COMMAND GetWindows {

}
[1543494681.524][INFO]: [1fa74e937df9d2f33146b20e295fb35a] RESPONSE GetWindows [ "CDwindow-B4F1CB1783B330019518BEAC44E6ADAA" ]
[1543494682.028][INFO]: [1fa74e937df9d2f33146b20e295fb35a] COMMAND GetWindows {

}
[1543494682.029][INFO]: [1fa74e937df9d2f33146b20e295fb35a] RESPONSE GetWindows [ "CDwindow-B4F1CB1783B330019518BEAC44E6ADAA" ]
[1543494682.533][INFO]: [1fa74e937df9d2f33146b20e295fb35a] COMMAND GetWindows {

}
[1543494682.534][INFO]: [1fa74e937df9d2f33146b20e295fb35a] RESPONSE GetWindows [ "CDwindow-B4F1CB1783B330019518BEAC44E6ADAA" ]
[1543494682.538][INFO]: [1fa74e937df9d2f33146b20e295fb35a] COMMAND Screenshot {

}
[1543494682.538][INFO]: Waiting for pending navigations...
[1543494682.540][INFO]: Done waiting for pending navigations. Status: ok
[1543494682.757][INFO]: Waiting for pending navigations...
[1543494682.758][INFO]: Done waiting for pending navigations. Status: ok
[1543494682.758][INFO]: [1fa74e937df9d2f33146b20e295fb35a] RESPONSE Screenshot "iVBORw0KGgoAAAANSUhEUgAABRUAAAJyCAYAAABaLicfAAAgAElEQVR4nOy9eXQcx33v+6nung0LQYAACZAgKYL7JsqUSNFaaFNLpGsplm05kbzFduLsyY2Tl+XmXZ88x0meb+J7Ts7Ju88359mOpURWLNmKLEe0JUuyJEqiVtIixZ0UuILEQgDEDkxv74+efXqmZ..."
[1543494682.772][INFO]: [1fa74e937df9d2f33146b20e295fb35a] COMMAND GetUrl {

}
[1543494682.772][INFO]: Waiting for pending navigations...
[1543494682.773][INFO]: Done waiting for pending navigations. Status: ok
[1543494682.774][INFO]: Waiting for pending navigations...
[1543494682.775][INFO]: Done waiting for pending navigations. Status: ok
[1543494682.775][INFO]: [1fa74e937df9d2f33146b20e295fb35a] RESPONSE GetUrl "http://10.10.30.106/ProductUI/#/home/openTotalScenario"
[1543494682.778][INFO]: [1fa74e937df9d2f33146b20e295fb35a] COMMAND ExecuteScript {
   "args": [  ],
   "script": "return document.readyState"
}
[1543494682.778][INFO]: Waiting for pending navigations...
[1543494682.779][INFO]: Done waiting for pending navigations. Status: ok
[1543494682.781][INFO]: Waiting for pending navigations...
[1543494682.782][INFO]: Done waiting for pending navigations. Status: ok
[1543494682.782][INFO]: [1fa74e937df9d2f33146b20e295fb35a] RESPONSE ExecuteScript "complete"
[1543494682.784][INFO]: [1fa74e937df9d2f33146b20e295fb35a] COMMAND FindElement {
   "using": "xpath",
   "value": "//footer/descendant::button[@label='Next']"
}
[1543494682.784][INFO]: Waiting for pending navigations...
[1543494682.785][INFO]: Done waiting for pending navigations. Status: ok
[1543494682.800][INFO]: Waiting for pending navigations...
[1543494682.800][INFO]: Done waiting for pending navigations. Status: ok
[1543494682.800][INFO]: [1fa74e937df9d2f33146b20e295fb35a] RESPONSE FindElement {
   "ELEMENT": "0.2099000496661454-12"
}
[1543494682.803][INFO]: [1fa74e937df9d2f33146b20e295fb35a] COMMAND ClickElement {
   "id": "0.2099000496661454-12"
}
[1543494682.803][INFO]: Waiting for pending navigations...
[1543494682.804][INFO]: Done waiting for pending navigations. Status: ok
[1543494682.882][INFO]: Waiting for pending navigations...
[1543494682.889][INFO]: Done waiting for pending navigations. Status: ok
[1543494682.889][INFO]: [1fa74e937df9d2f33146b20e295fb35a] RESPONSE ClickElement
[1543494682.891][INFO]: [1fa74e937df9d2f33146b20e295fb35a] COMMAND GetWindow {

}
[1543494682.892][INFO]: Waiting for pending navigations...
[1543494682.893][INFO]: Done waiting for pending navigations. Status: ok
[1543494682.893][INFO]: Waiting for pending navigations...
[1543494682.897][INFO]: Done waiting for pending navigations. Status: ok
[1543494682.897][INFO]: [1fa74e937df9d2f33146b20e295fb35a] RESPONSE GetWindow "CDwindow-B4F1CB1783B330019518BEAC44E6ADAA"
[1543494682.900][INFO]: [1fa74e937df9d2f33146b20e295fb35a] COMMAND GetWindows {

}
[1543494682.901][INFO]: [1fa74e937df9d2f33146b20e295fb35a] RESPONSE GetWindows [ "CDwindow-B4F1CB1783B330019518BEAC44E6ADAA" ]
[1543494683.405][INFO]: [1fa74e937df9d2f33146b20e295fb35a] COMMAND GetWindows {

}
[1543494683.405][INFO]: [1fa74e937df9d2f33146b20e295fb35a] RESPONSE GetWindows [ "CDwindow-B4F1CB1783B330019518BEAC44E6ADAA" ]
[1543494683.908][INFO]: [1fa74e937df9d2f33146b20e295fb35a] COMMAND GetWindows {

}
[1543494683.909][INFO]: [1fa74e937df9d2f33146b20e295fb35a] RESPONSE GetWindows [ "CDwindow-B4F1CB1783B330019518BEAC44E6ADAA" ]
[1543494683.912][INFO]: [1fa74e937df9d2f33146b20e295fb35a] COMMAND Screenshot {

}
[1543494683.916][INFO]: Waiting for pending navigations...
[1543494684.040][INFO]: Done waiting for pending navigations. Status: ok
[1543494684.234][INFO]: Waiting for pending navigations...
[1543494684.236][INFO]: Done waiting for pending navigations. Status: ok
[1543494684.237][INFO]: [1fa74e937df9d2f33146b20e295fb35a] RESPONSE Screenshot "iVBORw0KGgoAAAANSUhEUgAABRUAAAJyCAYAAABaLicfAAAgAElEQVR4nOydeXxU1dnHv/fO3FmyBwj7HlSIimxlU0EQFUXFiitoXREXKkJfUVtRK7YqtlRaF7B1qQtV0VYBFUVREA0om6ABJGGNYQmE7Jn13vePO3tm5s5kZpIJzI8Pn8nMveec5+zP+Z3nPEd4Y..."
[1543494684.247][INFO]: [1fa74e937df9d2f33146b20e295fb35a] COMMAND FindElement {
   "using": "xpath",
   "value": "//footer/descendant::button[@label='Next']"
}
[1543494684.247][INFO]: Waiting for pending navigations...
[1543494684.247][INFO]: Done waiting for pending navigations. Status: ok
[1543494684.425][INFO]: Waiting for pending navigations...
[1543494684.428][INFO]: Done waiting for pending navigations. Status: ok
[1543494684.428][INFO]: [1fa74e937df9d2f33146b20e295fb35a] RESPONSE FindElement ERROR no such element: Unable to locate element: {"method":"xpath","selector":"//footer/descendant::button[@label='Next']"}
  (Session info: chrome=70.0.3538.110)
[1543494684.434][INFO]: [1fa74e937df9d2f33146b20e295fb35a] COMMAND GetWindow {

}
[1543494684.434][INFO]: Waiting for pending navigations...
[1543494684.443][INFO]: Done waiting for pending navigations. Status: ok
[1543494684.443][INFO]: Waiting for pending navigations...
[1543494684.443][INFO]: Done waiting for pending navigations. Status: ok
[1543494684.443][INFO]: [1fa74e937df9d2f33146b20e295fb35a] RESPONSE GetWindow "CDwindow-B4F1CB1783B330019518BEAC44E6ADAA"
[1543494684.447][INFO]: [1fa74e937df9d2f33146b20e295fb35a] COMMAND GetWindows {

}
[1543494684.450][INFO]: [1fa74e937df9d2f33146b20e295fb35a] RESPONSE GetWindows [ "CDwindow-B4F1CB1783B330019518BEAC44E6ADAA" ]
[1543494684.957][INFO]: [1fa74e937df9d2f33146b20e295fb35a] COMMAND GetWindows {

}
[1543494684.958][INFO]: [1fa74e937df9d2f33146b20e295fb35a] RESPONSE GetWindows [ "CDwindow-B4F1CB1783B330019518BEAC44E6ADAA" ]
